2023-08-06 00:48:42.076471 - Initialized conversion of CBT090
2023-08-06 00:48:42.223810 - Received CBT.V505.FILE090.PDS from FILE090.XMI 
2023-08-06 00:48:42.226202 - Found $$$#DATE.txt (text/plain) in CBT.V505.FILE090.PDS, moved to PDS/$$$#DATE
2023-08-06 00:48:42.227315 - Found $$DOC.txt (text/plain) in CBT.V505.FILE090.PDS, moved to PDS/$$DOC
2023-08-06 00:48:42.228389 - Found $$DOC2.txt (text/plain) in CBT.V505.FILE090.PDS, moved to PDS/$$DOC2
2023-08-06 00:48:42.229363 - Found @FILE090.txt (text/plain) in CBT.V505.FILE090.PDS, moved to PDS/@FILE090
2023-08-06 00:48:42.230356 - Found DCFDOC.txt (text/plain) in CBT.V505.FILE090.PDS, moved to PDS/DCFDOC
2023-08-06 00:48:42.231320 - Found DELINK.txt (text/plain) in CBT.V505.FILE090.PDS, moved to PDS/DELINK
2023-08-06 00:48:42.232208 - Found DWNMPRLG.txt (text/plain) in CBT.V505.FILE090.PDS, moved to PDS/DWNMPRLG
2023-08-06 00:48:42.233075 - Found DWNSCAN.txt (text/plain) in CBT.V505.FILE090.PDS, moved to PDS/DWNSCAN
2023-08-06 00:48:42.234016 - Found DWNSHEX.txt (text/plain) in CBT.V505.FILE090.PDS, moved to PDS/DWNSHEX
2023-08-06 00:48:42.234934 - Found DWNSPDSR.txt (text/plain) in CBT.V505.FILE090.PDS, moved to PDS/DWNSPDSR
2023-08-06 00:48:42.235826 - Found DWNYBLDL.txt (text/plain) in CBT.V505.FILE090.PDS, moved to PDS/DWNYBLDL
2023-08-06 00:48:42.236710 - Found FMBLOCK.txt (text/plain) in CBT.V505.FILE090.PDS, moved to PDS/FMBLOCK
2023-08-06 00:48:42.237670 - Found FMCREDT.txt (text/plain) in CBT.V505.FILE090.PDS, moved to PDS/FMCREDT
2023-08-06 00:48:42.238598 - Found FMSTART.txt (text/plain) in CBT.V505.FILE090.PDS, moved to PDS/FMSTART
2023-08-06 00:48:42.239456 - Found FMWORK1.txt (text/plain) in CBT.V505.FILE090.PDS, moved to PDS/FMWORK1
2023-08-06 00:48:42.240332 - Found FMWORK2.txt (text/plain) in CBT.V505.FILE090.PDS, moved to PDS/FMWORK2
2023-08-06 00:48:42.241218 - Found PLIICB.txt (text/plain) in CBT.V505.FILE090.PDS, moved to PDS/PLIICB
2023-08-06 00:48:42.242223 - Found PLISIG.txt (text/plain) in CBT.V505.FILE090.PDS, moved to PDS/PLISIG
2023-08-06 00:48:42.245176 - Found XMITBOOK.xmi (application/xmit) in CBT.V505.FILE090.PDS
2023-08-06 00:48:42.250692   - Received RECFM=U data, stored XMIT file as CBT090/XMITBOOK.xmi
